<?xml version="1.0" encoding="UTF-8"?>
<!-- Generated by org.testng.reporters.JUnitXMLReporter -->
<testsuite ignored="0" hostname="ATMECSINLT-1155" failures="0" tests="4" name="Test" time="20.143" errors="0" timestamp="2022-08-05T15:23:59 GMT+05:30">
  <testcase classname="com.atmecs.saucedemo.testscripts.SidebarMenuTest" name="verifyAllitemsMenu" time="3.246"/>
  <testcase classname="com.atmecs.saucedemo.testscripts.SidebarMenuTest" name="verifyAboutMenu" time="5.554"/>
  <testcase classname="com.atmecs.saucedemo.testscripts.SidebarMenuTest" name="verifyLogoutMenu" time="3.01"/>
  <testcase classname="com.atmecs.saucedemo.testscripts.SidebarMenuTest" name="verifyResetAppStateMenu" time="8.327"/>
</testsuite> <!-- Test -->
