<?xml version="1.0" encoding="UTF-8"?>
<!-- Generated by org.testng.reporters.JUnitXMLReporter -->
<testsuite ignored="0" hostname="ATMECSINLT-1155" failures="0" tests="5" name="Test" time="15.79" errors="0" timestamp="2022-08-05T16:07:44 GMT+05:30">
  <testcase classname="com.atmecs.saucedemo.testscripts.LoginPageTest" name="nagitiveLoginData" time="3.881"/>
  <testcase classname="com.atmecs.saucedemo.testscripts.LoginPageTest" name="nagitiveLoginData" time="2.614"/>
  <testcase classname="com.atmecs.saucedemo.testscripts.LoginPageTest" name="nagitiveLoginData" time="2.71"/>
  <testcase classname="com.atmecs.saucedemo.testscripts.LoginPageTest" name="nagitiveLoginData" time="2.577"/>
  <testcase classname="com.atmecs.saucedemo.testscripts.LoginPageTest" name="nagitiveLoginData" time="3.176"/>
</testsuite> <!-- Test -->
