<?xml version="1.0" encoding="UTF-8"?>
<!-- Generated by org.testng.reporters.JUnitXMLReporter -->
<testsuite ignored="0" hostname="ATMECSINLT-1155" failures="0" tests="4" name="Test" time="19.933" errors="0" timestamp="2022-08-05T16:08:11 GMT+05:30">
  <testcase classname="com.atmecs.saucedemo.testscripts.SidebarMenuTest" name="verifyAllitemsMenu" time="3.009"/>
  <testcase classname="com.atmecs.saucedemo.testscripts.SidebarMenuTest" name="verifyAboutMenu" time="5.484"/>
  <testcase classname="com.atmecs.saucedemo.testscripts.SidebarMenuTest" name="verifyLogoutMenu" time="2.915"/>
  <testcase classname="com.atmecs.saucedemo.testscripts.SidebarMenuTest" name="verifyResetAppStateMenu" time="8.52"/>
</testsuite> <!-- Test -->
