<?xml version="1.0" encoding="UTF-8"?>
<testng-results ignored="0" total="12" passed="12" failed="0" skipped="0">
  <reporter-output>
  </reporter-output>
  <suite started-at="2022-08-05T15:23:38 GMT+05:30" name="sidebarmenuSuite" finished-at="2022-08-05T15:23:59 GMT+05:30" duration-ms="20143">
    <groups>
    </groups>
    <test started-at="2022-08-05T15:23:38 GMT+05:30" name="Test" finished-at="2022-08-05T15:23:59 GMT+05:30" duration-ms="20143">
      <class name="com.atmecs.saucedemo.testscripts.SidebarMenuTest">
        <test-method signature="verifyAllitemsMenu()[pri:1, instance:com.atmecs.saucedemo.testscripts.SidebarMenuTest@18271936]" started-at="2022-08-05T15:23:38 GMT+05:30" name="verifyAllitemsMenu" finished-at="2022-08-05T15:23:42 GMT+05:30" duration-ms="3246" status="PASS">
          <reporter-output>
          </reporter-output>
        </test-method> <!-- verifyAllitemsMenu -->
        <test-method signature="verifyAboutMenu()[pri:2, instance:com.atmecs.saucedemo.testscripts.SidebarMenuTest@18271936]" started-at="2022-08-05T15:23:42 GMT+05:30" name="verifyAboutMenu" finished-at="2022-08-05T15:23:47 GMT+05:30" duration-ms="5554" status="PASS">
          <reporter-output>
          </reporter-output>
        </test-method> <!-- verifyAboutMenu -->
        <test-method signature="verifyLogoutMenu()[pri:3, instance:com.atmecs.saucedemo.testscripts.SidebarMenuTest@18271936]" started-at="2022-08-05T15:23:47 GMT+05:30" name="verifyLogoutMenu" finished-at="2022-08-05T15:23:50 GMT+05:30" duration-ms="3010" status="PASS">
          <reporter-output>
          </reporter-output>
        </test-method> <!-- verifyLogoutMenu -->
        <test-method signature="verifyResetAppStateMenu()[pri:4, instance:com.atmecs.saucedemo.testscripts.SidebarMenuTest@18271936]" started-at="2022-08-05T15:23:50 GMT+05:30" name="verifyResetAppStateMenu" finished-at="2022-08-05T15:23:59 GMT+05:30" duration-ms="8327" status="PASS">
          <reporter-output>
          </reporter-output>
        </test-method> <!-- verifyResetAppStateMenu -->
      </class> <!-- com.atmecs.saucedemo.testscripts.SidebarMenuTest -->
    </test> <!-- Test -->
  </suite> <!-- sidebarmenuSuite -->
  <suite started-at="2022-08-05T15:24:03 GMT+05:30" name="My test suite" finished-at="2022-08-05T15:24:03 GMT+05:30" duration-ms="0">
    <groups>
    </groups>
  </suite> <!-- My test suite -->
  <suite started-at="2022-08-05T15:23:59 GMT+05:30" name="productorderSuite" finished-at="2022-08-05T15:24:03 GMT+05:30" duration-ms="4027">
    <groups>
    </groups>
    <test started-at="2022-08-05T15:23:59 GMT+05:30" name="Test" finished-at="2022-08-05T15:24:03 GMT+05:30" duration-ms="4027">
      <class name="com.atmecs.saucedemo.testscripts.ProductOrderTest">
        <test-method signature="checkFuntionalityOfProduct()[pri:0, instance:com.atmecs.saucedemo.testscripts.ProductOrderTest@402c4085]" started-at="2022-08-05T15:23:59 GMT+05:30" name="checkFuntionalityOfProduct" finished-at="2022-08-05T15:24:03 GMT+05:30" duration-ms="4024" status="PASS">
          <reporter-output>
          </reporter-output>
        </test-method> <!-- checkFuntionalityOfProduct -->
      </class> <!-- com.atmecs.saucedemo.testscripts.ProductOrderTest -->
    </test> <!-- Test -->
  </suite> <!-- productorderSuite -->
  <suite started-at="2022-08-05T15:23:32 GMT+05:30" name="parallelbroserSuite" finished-at="2022-08-05T15:23:38 GMT+05:30" duration-ms="6882">
    <groups>
    </groups>
    <test started-at="2022-08-05T15:23:32 GMT+05:30" name="FirefoxTest" finished-at="2022-08-05T15:23:36 GMT+05:30" duration-ms="4024">
      <class name="com.atmecs.saucedemo.testscripts.ParallelBrowser">
        <test-method signature="parallelTest(java.lang.String)[pri:0, instance:com.atmecs.saucedemo.testscripts.ParallelBrowser@4b013c76]" started-at="2022-08-05T15:23:32 GMT+05:30" name="parallelTest" finished-at="2022-08-05T15:23:36 GMT+05:30" duration-ms="4021" status="PASS">
          <params>
            <param index="0">
              <value>
                <![CDATA[firefox]]>
              </value>
            </param>
          </params>
          <reporter-output>
          </reporter-output>
        </test-method> <!-- parallelTest -->
      </class> <!-- com.atmecs.saucedemo.testscripts.ParallelBrowser -->
    </test> <!-- FirefoxTest -->
    <test started-at="2022-08-05T15:23:36 GMT+05:30" name="ChromeTest" finished-at="2022-08-05T15:23:38 GMT+05:30" duration-ms="2852">
      <class name="com.atmecs.saucedemo.testscripts.ParallelBrowser">
        <test-method signature="parallelTest(java.lang.String)[pri:0, instance:com.atmecs.saucedemo.testscripts.ParallelBrowser@7bba5817]" started-at="2022-08-05T15:23:36 GMT+05:30" name="parallelTest" finished-at="2022-08-05T15:23:38 GMT+05:30" duration-ms="2850" status="PASS">
          <params>
            <param index="0">
              <value>
                <![CDATA[chrome]]>
              </value>
            </param>
          </params>
          <reporter-output>
          </reporter-output>
        </test-method> <!-- parallelTest -->
      </class> <!-- com.atmecs.saucedemo.testscripts.ParallelBrowser -->
    </test> <!-- ChromeTest -->
  </suite> <!-- parallelbroserSuite -->
  <suite started-at="2022-08-05T15:23:16 GMT+05:30" name="loginpageSuite" finished-at="2022-08-05T15:23:32 GMT+05:30" duration-ms="15143">
    <groups>
    </groups>
    <test started-at="2022-08-05T15:23:16 GMT+05:30" name="Test" finished-at="2022-08-05T15:23:32 GMT+05:30" duration-ms="15143">
      <class name="com.atmecs.saucedemo.testscripts.LoginPageTest">
        <test-method signature="nagitiveLoginData(java.lang.String,java.lang.String)[pri:0, instance:com.atmecs.saucedemo.testscripts.LoginPageTest@1ed6388a]" started-at="2022-08-05T15:23:17 GMT+05:30" name="nagitiveLoginData" data-provider="getExcelData" finished-at="2022-08-05T15:23:21 GMT+05:30" duration-ms="3969" status="PASS">
          <params>
            <param index="0">
              <value>
                <![CDATA[standard_user]]>
              </value>
            </param>
            <param index="1">
              <value>
                <![CDATA[worngpass]]>
              </value>
            </param>
          </params>
          <reporter-output>
          </reporter-output>
        </test-method> <!-- nagitiveLoginData -->
        <test-method signature="nagitiveLoginData(java.lang.String,java.lang.String)[pri:0, instance:com.atmecs.saucedemo.testscripts.LoginPageTest@1ed6388a]" started-at="2022-08-05T15:23:21 GMT+05:30" name="nagitiveLoginData" data-provider="getExcelData" finished-at="2022-08-05T15:23:24 GMT+05:30" duration-ms="2598" status="PASS">
          <params>
            <param index="0">
              <value>
                <![CDATA[wornguser]]>
              </value>
            </param>
            <param index="1">
              <value>
                <![CDATA[secret_sauce]]>
              </value>
            </param>
          </params>
          <reporter-output>
          </reporter-output>
        </test-method> <!-- nagitiveLoginData -->
        <test-method signature="nagitiveLoginData(java.lang.String,java.lang.String)[pri:0, instance:com.atmecs.saucedemo.testscripts.LoginPageTest@1ed6388a]" started-at="2022-08-05T15:23:24 GMT+05:30" name="nagitiveLoginData" data-provider="getExcelData" finished-at="2022-08-05T15:23:26 GMT+05:30" duration-ms="2561" status="PASS">
          <params>
            <param index="0">
              <value>
                <![CDATA[wornguser]]>
              </value>
            </param>
            <param index="1">
              <value>
                <![CDATA[worngpass]]>
              </value>
            </param>
          </params>
          <reporter-output>
          </reporter-output>
        </test-method> <!-- nagitiveLoginData -->
        <test-method signature="nagitiveLoginData(java.lang.String,java.lang.String)[pri:0, instance:com.atmecs.saucedemo.testscripts.LoginPageTest@1ed6388a]" started-at="2022-08-05T15:23:26 GMT+05:30" name="nagitiveLoginData" data-provider="getExcelData" finished-at="2022-08-05T15:23:29 GMT+05:30" duration-ms="2613" status="PASS">
          <params>
            <param index="0">
              <value>
                <![CDATA[]]>
              </value>
            </param>
            <param index="1">
              <value>
                <![CDATA[secret_sauce]]>
              </value>
            </param>
          </params>
          <reporter-output>
          </reporter-output>
        </test-method> <!-- nagitiveLoginData -->
        <test-method signature="nagitiveLoginData(java.lang.String,java.lang.String)[pri:0, instance:com.atmecs.saucedemo.testscripts.LoginPageTest@1ed6388a]" started-at="2022-08-05T15:23:29 GMT+05:30" name="nagitiveLoginData" data-provider="getExcelData" finished-at="2022-08-05T15:23:32 GMT+05:30" duration-ms="2558" status="PASS">
          <params>
            <param index="0">
              <value>
                <![CDATA[standard_user]]>
              </value>
            </param>
            <param index="1">
              <value>
                <![CDATA[]]>
              </value>
            </param>
          </params>
          <reporter-output>
          </reporter-output>
        </test-method> <!-- nagitiveLoginData -->
      </class> <!-- com.atmecs.saucedemo.testscripts.LoginPageTest -->
    </test> <!-- Test -->
  </suite> <!-- loginpageSuite -->
</testng-results>
