<?xml version="1.0" encoding="UTF-8"?>
<!-- Generated by org.testng.reporters.JUnitXMLReporter -->
<testsuite ignored="0" hostname="ATMECSINLT-1155" failures="0" tests="5" name="Test" time="15.143" errors="0" timestamp="2022-08-05T15:23:32 GMT+05:30">
  <testcase classname="com.atmecs.saucedemo.testscripts.LoginPageTest" name="nagitiveLoginData" time="3.969"/>
  <testcase classname="com.atmecs.saucedemo.testscripts.LoginPageTest" name="nagitiveLoginData" time="2.598"/>
  <testcase classname="com.atmecs.saucedemo.testscripts.LoginPageTest" name="nagitiveLoginData" time="2.561"/>
  <testcase classname="com.atmecs.saucedemo.testscripts.LoginPageTest" name="nagitiveLoginData" time="2.613"/>
  <testcase classname="com.atmecs.saucedemo.testscripts.LoginPageTest" name="nagitiveLoginData" time="2.558"/>
</testsuite> <!-- Test -->
